<?xml version="1.0"?>
<testdata>
	<integrationtest username="Bret"></integrationtest>
	<integrationtest username="Delphine"></integrationtest>
</testdata>